<?xml version="1.0" encoding="UTF-8"?>
<testsuite xmlns:xsi="http://www.w3.org/2001/XMLSchema-instance" xsi:noNamespaceSchemaLocation="https://maven.apache.org/surefire/maven-surefire-plugin/xsd/surefire-test-report-3.0.xsd" version="3.0" name="runners.Runners" time="60.427" tests="2" errors="0" skipped="0" failures="1">
  <properties>
    <property name="java.specification.version" value="17"/>
    <property name="sun.cpu.isalist" value="amd64"/>
    <property name="sun.jnu.encoding" value="Cp1252"/>
    <property name="java.class.path" value="C:\Users\paulo\OneDrive\Automation\ProvaBaseDois\prova\target\test-classes;C:\Users\paulo\OneDrive\Automation\ProvaBaseDois\prova\target\classes;C:\Users\paulo\.m2\repository\org\seleniumhq\selenium\selenium-java\4.16.0\selenium-java-4.16.0.jar;C:\Users\paulo\.m2\repository\org\seleniumhq\selenium\selenium-api\4.16.0\selenium-api-4.16.0.jar;C:\Users\paulo\.m2\repository\org\seleniumhq\selenium\selenium-chrome-driver\4.16.0\selenium-chrome-driver-4.16.0.jar;C:\Users\paulo\.m2\repository\com\google\auto\service\auto-service-annotations\1.1.1\auto-service-annotations-1.1.1.jar;C:\Users\paulo\.m2\repository\org\seleniumhq\selenium\selenium-chromium-driver\4.16.0\selenium-chromium-driver-4.16.0.jar;C:\Users\paulo\.m2\repository\org\seleniumhq\selenium\selenium-json\4.16.0\selenium-json-4.16.0.jar;C:\Users\paulo\.m2\repository\org\seleniumhq\selenium\selenium-manager\4.16.0\selenium-manager-4.16.0.jar;C:\Users\paulo\.m2\repository\org\seleniumhq\selenium\selenium-devtools-v118\4.16.0\selenium-devtools-v118-4.16.0.jar;C:\Users\paulo\.m2\repository\org\seleniumhq\selenium\selenium-devtools-v119\4.16.0\selenium-devtools-v119-4.16.0.jar;C:\Users\paulo\.m2\repository\org\seleniumhq\selenium\selenium-devtools-v120\4.16.0\selenium-devtools-v120-4.16.0.jar;C:\Users\paulo\.m2\repository\org\seleniumhq\selenium\selenium-devtools-v85\4.16.0\selenium-devtools-v85-4.16.0.jar;C:\Users\paulo\.m2\repository\org\seleniumhq\selenium\selenium-edge-driver\4.16.0\selenium-edge-driver-4.16.0.jar;C:\Users\paulo\.m2\repository\org\seleniumhq\selenium\selenium-firefox-driver\4.16.0\selenium-firefox-driver-4.16.0.jar;C:\Users\paulo\.m2\repository\org\seleniumhq\selenium\selenium-http\4.16.0\selenium-http-4.16.0.jar;C:\Users\paulo\.m2\repository\dev\failsafe\failsafe\3.3.2\failsafe-3.3.2.jar;C:\Users\paulo\.m2\repository\org\seleniumhq\selenium\selenium-ie-driver\4.16.0\selenium-ie-driver-4.16.0.jar;C:\Users\paulo\.m2\repository\org\seleniumhq\selenium\selenium-remote-driver\4.16.0\selenium-remote-driver-4.16.0.jar;C:\Users\paulo\.m2\repository\com\google\guava\guava\32.1.2-jre\guava-32.1.2-jre.jar;C:\Users\paulo\.m2\repository\com\google\guava\failureaccess\1.0.1\failureaccess-1.0.1.jar;C:\Users\paulo\.m2\repository\com\google\guava\listenablefuture\9999.0-empty-to-avoid-conflict-with-guava\listenablefuture-9999.0-empty-to-avoid-conflict-with-guava.jar;C:\Users\paulo\.m2\repository\com\google\code\findbugs\jsr305\3.0.2\jsr305-3.0.2.jar;C:\Users\paulo\.m2\repository\org\checkerframework\checker-qual\3.33.0\checker-qual-3.33.0.jar;C:\Users\paulo\.m2\repository\com\google\errorprone\error_prone_annotations\2.18.0\error_prone_annotations-2.18.0.jar;C:\Users\paulo\.m2\repository\com\google\j2objc\j2objc-annotations\2.8\j2objc-annotations-2.8.jar;C:\Users\paulo\.m2\repository\io\opentelemetry\opentelemetry-api\1.28.0\opentelemetry-api-1.28.0.jar;C:\Users\paulo\.m2\repository\io\opentelemetry\opentelemetry-context\1.28.0\opentelemetry-context-1.28.0.jar;C:\Users\paulo\.m2\repository\io\opentelemetry\opentelemetry-exporter-logging\1.28.0\opentelemetry-exporter-logging-1.28.0.jar;C:\Users\paulo\.m2\repository\io\opentelemetry\opentelemetry-sdk-metrics\1.28.0\opentelemetry-sdk-metrics-1.28.0.jar;C:\Users\paulo\.m2\repository\io\opentelemetry\opentelemetry-extension-incubator\1.28.0-alpha\opentelemetry-extension-incubator-1.28.0-alpha.jar;C:\Users\paulo\.m2\repository\io\opentelemetry\opentelemetry-sdk-logs\1.28.0\opentelemetry-sdk-logs-1.28.0.jar;C:\Users\paulo\.m2\repository\io\opentelemetry\opentelemetry-sdk-common\1.28.0\opentelemetry-sdk-common-1.28.0.jar;C:\Users\paulo\.m2\repository\io\opentelemetry\opentelemetry-sdk-extension-autoconfigure-spi\1.28.0\opentelemetry-sdk-extension-autoconfigure-spi-1.28.0.jar;C:\Users\paulo\.m2\repository\io\opentelemetry\opentelemetry-sdk-extension-autoconfigure\1.28.0\opentelemetry-sdk-extension-autoconfigure-1.28.0.jar;C:\Users\paulo\.m2\repository\io\opentelemetry\opentelemetry-api-events\1.28.0-alpha\opentelemetry-api-events-1.28.0-alpha.jar;C:\Users\paulo\.m2\repository\io\opentelemetry\opentelemetry-sdk-trace\1.28.0\opentelemetry-sdk-trace-1.28.0.jar;C:\Users\paulo\.m2\repository\io\opentelemetry\opentelemetry-sdk\1.28.0\opentelemetry-sdk-1.28.0.jar;C:\Users\paulo\.m2\repository\io\opentelemetry\opentelemetry-semconv\1.28.0-alpha\opentelemetry-semconv-1.28.0-alpha.jar;C:\Users\paulo\.m2\repository\net\bytebuddy\byte-buddy\1.14.5\byte-buddy-1.14.5.jar;C:\Users\paulo\.m2\repository\org\seleniumhq\selenium\selenium-os\4.16.0\selenium-os-4.16.0.jar;C:\Users\paulo\.m2\repository\org\apache\commons\commons-exec\1.3\commons-exec-1.3.jar;C:\Users\paulo\.m2\repository\org\seleniumhq\selenium\selenium-safari-driver\4.16.0\selenium-safari-driver-4.16.0.jar;C:\Users\paulo\.m2\repository\org\seleniumhq\selenium\selenium-support\4.16.0\selenium-support-4.16.0.jar;C:\Users\paulo\.m2\repository\junit\junit\4.13.2\junit-4.13.2.jar;C:\Users\paulo\.m2\repository\org\hamcrest\hamcrest-core\1.3\hamcrest-core-1.3.jar;C:\Users\paulo\.m2\repository\io\cucumber\cucumber-java\7.2.3\cucumber-java-7.2.3.jar;C:\Users\paulo\.m2\repository\io\cucumber\cucumber-core\7.2.3\cucumber-core-7.2.3.jar;C:\Users\paulo\.m2\repository\io\cucumber\cucumber-gherkin\7.2.3\cucumber-gherkin-7.2.3.jar;C:\Users\paulo\.m2\repository\io\cucumber\cucumber-gherkin-messages\7.2.3\cucumber-gherkin-messages-7.2.3.jar;C:\Users\paulo\.m2\repository\io\cucumber\messages\17.1.1\messages-17.1.1.jar;C:\Users\paulo\.m2\repository\io\cucumber\tag-expressions\4.1.0\tag-expressions-4.1.0.jar;C:\Users\paulo\.m2\repository\io\cucumber\cucumber-expressions\15.0.1\cucumber-expressions-15.0.1.jar;C:\Users\paulo\.m2\repository\io\cucumber\datatable\7.2.3\datatable-7.2.3.jar;C:\Users\paulo\.m2\repository\io\cucumber\cucumber-plugin\7.2.3\cucumber-plugin-7.2.3.jar;C:\Users\paulo\.m2\repository\io\cucumber\docstring\7.2.3\docstring-7.2.3.jar;C:\Users\paulo\.m2\repository\io\cucumber\html-formatter\17.0.0\html-formatter-17.0.0.jar;C:\Users\paulo\.m2\repository\io\cucumber\ci-environment\8.1.0\ci-environment-8.1.0.jar;C:\Users\paulo\.m2\repository\org\apiguardian\apiguardian-api\1.1.2\apiguardian-api-1.1.2.jar;C:\Users\paulo\.m2\repository\io\cucumber\cucumber-junit\7.2.3\cucumber-junit-7.2.3.jar;C:\Users\paulo\.m2\repository\org\projectlombok\lombok\1.18.30\lombok-1.18.30.jar;C:\Users\paulo\.m2\repository\com\google\code\gson\gson\2.10.1\gson-2.10.1.jar;C:\Users\paulo\.m2\repository\io\qameta\allure\allure-cucumber7-jvm\2.17.2\allure-cucumber7-jvm-2.17.2.jar;C:\Users\paulo\.m2\repository\io\qameta\allure\allure-java-commons\2.17.2\allure-java-commons-2.17.2.jar;C:\Users\paulo\.m2\repository\io\qameta\allure\allure-model\2.17.2\allure-model-2.17.2.jar;C:\Users\paulo\.m2\repository\io\cucumber\gherkin\22.0.0\gherkin-22.0.0.jar;C:\Users\paulo\.m2\repository\io\qameta\allure\allure-junit4\2.17.2\allure-junit4-2.17.2.jar;C:\Users\paulo\.m2\repository\org\aspectj\aspectjweaver\1.9.20.1\aspectjweaver-1.9.20.1.jar;C:\Users\paulo\.m2\repository\io\github\bonigarcia\webdrivermanager\5.8.0\webdrivermanager-5.8.0.jar;C:\Users\paulo\.m2\repository\org\slf4j\slf4j-api\2.0.12\slf4j-api-2.0.12.jar;C:\Users\paulo\.m2\repository\com\github\docker-java\docker-java\3.3.6\docker-java-3.3.6.jar;C:\Users\paulo\.m2\repository\com\github\docker-java\docker-java-core\3.3.6\docker-java-core-3.3.6.jar;C:\Users\paulo\.m2\repository\com\github\docker-java\docker-java-api\3.3.6\docker-java-api-3.3.6.jar;C:\Users\paulo\.m2\repository\com\fasterxml\jackson\core\jackson-annotations\2.10.3\jackson-annotations-2.10.3.jar;C:\Users\paulo\.m2\repository\com\fasterxml\jackson\core\jackson-databind\2.10.3\jackson-databind-2.10.3.jar;C:\Users\paulo\.m2\repository\com\fasterxml\jackson\core\jackson-core\2.10.3\jackson-core-2.10.3.jar;C:\Users\paulo\.m2\repository\org\bouncycastle\bcpkix-jdk18on\1.76\bcpkix-jdk18on-1.76.jar;C:\Users\paulo\.m2\repository\org\bouncycastle\bcprov-jdk18on\1.76\bcprov-jdk18on-1.76.jar;C:\Users\paulo\.m2\repository\org\bouncycastle\bcutil-jdk18on\1.76\bcutil-jdk18on-1.76.jar;C:\Users\paulo\.m2\repository\org\slf4j\jcl-over-slf4j\1.7.30\jcl-over-slf4j-1.7.30.jar;C:\Users\paulo\.m2\repository\com\github\docker-java\docker-java-transport-httpclient5\3.3.6\docker-java-transport-httpclient5-3.3.6.jar;C:\Users\paulo\.m2\repository\com\github\docker-java\docker-java-transport\3.3.6\docker-java-transport-3.3.6.jar;C:\Users\paulo\.m2\repository\net\java\dev\jna\jna\5.13.0\jna-5.13.0.jar;C:\Users\paulo\.m2\repository\org\brotli\dec\0.1.2\dec-0.1.2.jar;C:\Users\paulo\.m2\repository\org\apache\commons\commons-lang3\3.14.0\commons-lang3-3.14.0.jar;C:\Users\paulo\.m2\repository\org\apache\commons\commons-compress\1.26.1\commons-compress-1.26.1.jar;C:\Users\paulo\.m2\repository\commons-codec\commons-codec\1.16.1\commons-codec-1.16.1.jar;C:\Users\paulo\.m2\repository\commons-io\commons-io\2.15.1\commons-io-2.15.1.jar;C:\Users\paulo\.m2\repository\org\apache\httpcomponents\client5\httpclient5\5.2.1\httpclient5-5.2.1.jar;C:\Users\paulo\.m2\repository\org\apache\httpcomponents\core5\httpcore5\5.2\httpcore5-5.2.jar;C:\Users\paulo\.m2\repository\org\apache\httpcomponents\core5\httpcore5-h2\5.2\httpcore5-h2-5.2.jar;"/>
    <property name="java.vm.vendor" value="Oracle Corporation"/>
    <property name="sun.arch.data.model" value="64"/>
    <property name="user.variant" value=""/>
    <property name="java.vendor.url" value="https://java.oracle.com/"/>
    <property name="user.timezone" value="America/Sao_Paulo"/>
    <property name="os.name" value="Windows 11"/>
    <property name="java.vm.specification.version" value="17"/>
    <property name="sun.java.launcher" value="SUN_STANDARD"/>
    <property name="user.country" value="BR"/>
    <property name="sun.boot.library.path" value="C:\Program Files\Java\jdk-17\bin"/>
    <property name="sun.java.command" value="C:\Users\paulo\AppData\Local\Temp\surefire10369036888996863928\surefirebooter-20240712122208325_3.jar C:\Users\paulo\AppData\Local\Temp\surefire10369036888996863928 2024-07-12T12-22-08_140-jvmRun1 surefire-20240712122208325_1tmp surefire_0-20240712122208325_2tmp"/>
    <property name="jdk.debug" value="release"/>
    <property name="surefire.test.class.path" value="C:\Users\paulo\OneDrive\Automation\ProvaBaseDois\prova\target\test-classes;C:\Users\paulo\OneDrive\Automation\ProvaBaseDois\prova\target\classes;C:\Users\paulo\.m2\repository\org\seleniumhq\selenium\selenium-java\4.16.0\selenium-java-4.16.0.jar;C:\Users\paulo\.m2\repository\org\seleniumhq\selenium\selenium-api\4.16.0\selenium-api-4.16.0.jar;C:\Users\paulo\.m2\repository\org\seleniumhq\selenium\selenium-chrome-driver\4.16.0\selenium-chrome-driver-4.16.0.jar;C:\Users\paulo\.m2\repository\com\google\auto\service\auto-service-annotations\1.1.1\auto-service-annotations-1.1.1.jar;C:\Users\paulo\.m2\repository\org\seleniumhq\selenium\selenium-chromium-driver\4.16.0\selenium-chromium-driver-4.16.0.jar;C:\Users\paulo\.m2\repository\org\seleniumhq\selenium\selenium-json\4.16.0\selenium-json-4.16.0.jar;C:\Users\paulo\.m2\repository\org\seleniumhq\selenium\selenium-manager\4.16.0\selenium-manager-4.16.0.jar;C:\Users\paulo\.m2\repository\org\seleniumhq\selenium\selenium-devtools-v118\4.16.0\selenium-devtools-v118-4.16.0.jar;C:\Users\paulo\.m2\repository\org\seleniumhq\selenium\selenium-devtools-v119\4.16.0\selenium-devtools-v119-4.16.0.jar;C:\Users\paulo\.m2\repository\org\seleniumhq\selenium\selenium-devtools-v120\4.16.0\selenium-devtools-v120-4.16.0.jar;C:\Users\paulo\.m2\repository\org\seleniumhq\selenium\selenium-devtools-v85\4.16.0\selenium-devtools-v85-4.16.0.jar;C:\Users\paulo\.m2\repository\org\seleniumhq\selenium\selenium-edge-driver\4.16.0\selenium-edge-driver-4.16.0.jar;C:\Users\paulo\.m2\repository\org\seleniumhq\selenium\selenium-firefox-driver\4.16.0\selenium-firefox-driver-4.16.0.jar;C:\Users\paulo\.m2\repository\org\seleniumhq\selenium\selenium-http\4.16.0\selenium-http-4.16.0.jar;C:\Users\paulo\.m2\repository\dev\failsafe\failsafe\3.3.2\failsafe-3.3.2.jar;C:\Users\paulo\.m2\repository\org\seleniumhq\selenium\selenium-ie-driver\4.16.0\selenium-ie-driver-4.16.0.jar;C:\Users\paulo\.m2\repository\org\seleniumhq\selenium\selenium-remote-driver\4.16.0\selenium-remote-driver-4.16.0.jar;C:\Users\paulo\.m2\repository\com\google\guava\guava\32.1.2-jre\guava-32.1.2-jre.jar;C:\Users\paulo\.m2\repository\com\google\guava\failureaccess\1.0.1\failureaccess-1.0.1.jar;C:\Users\paulo\.m2\repository\com\google\guava\listenablefuture\9999.0-empty-to-avoid-conflict-with-guava\listenablefuture-9999.0-empty-to-avoid-conflict-with-guava.jar;C:\Users\paulo\.m2\repository\com\google\code\findbugs\jsr305\3.0.2\jsr305-3.0.2.jar;C:\Users\paulo\.m2\repository\org\checkerframework\checker-qual\3.33.0\checker-qual-3.33.0.jar;C:\Users\paulo\.m2\repository\com\google\errorprone\error_prone_annotations\2.18.0\error_prone_annotations-2.18.0.jar;C:\Users\paulo\.m2\repository\com\google\j2objc\j2objc-annotations\2.8\j2objc-annotations-2.8.jar;C:\Users\paulo\.m2\repository\io\opentelemetry\opentelemetry-api\1.28.0\opentelemetry-api-1.28.0.jar;C:\Users\paulo\.m2\repository\io\opentelemetry\opentelemetry-context\1.28.0\opentelemetry-context-1.28.0.jar;C:\Users\paulo\.m2\repository\io\opentelemetry\opentelemetry-exporter-logging\1.28.0\opentelemetry-exporter-logging-1.28.0.jar;C:\Users\paulo\.m2\repository\io\opentelemetry\opentelemetry-sdk-metrics\1.28.0\opentelemetry-sdk-metrics-1.28.0.jar;C:\Users\paulo\.m2\repository\io\opentelemetry\opentelemetry-extension-incubator\1.28.0-alpha\opentelemetry-extension-incubator-1.28.0-alpha.jar;C:\Users\paulo\.m2\repository\io\opentelemetry\opentelemetry-sdk-logs\1.28.0\opentelemetry-sdk-logs-1.28.0.jar;C:\Users\paulo\.m2\repository\io\opentelemetry\opentelemetry-sdk-common\1.28.0\opentelemetry-sdk-common-1.28.0.jar;C:\Users\paulo\.m2\repository\io\opentelemetry\opentelemetry-sdk-extension-autoconfigure-spi\1.28.0\opentelemetry-sdk-extension-autoconfigure-spi-1.28.0.jar;C:\Users\paulo\.m2\repository\io\opentelemetry\opentelemetry-sdk-extension-autoconfigure\1.28.0\opentelemetry-sdk-extension-autoconfigure-1.28.0.jar;C:\Users\paulo\.m2\repository\io\opentelemetry\opentelemetry-api-events\1.28.0-alpha\opentelemetry-api-events-1.28.0-alpha.jar;C:\Users\paulo\.m2\repository\io\opentelemetry\opentelemetry-sdk-trace\1.28.0\opentelemetry-sdk-trace-1.28.0.jar;C:\Users\paulo\.m2\repository\io\opentelemetry\opentelemetry-sdk\1.28.0\opentelemetry-sdk-1.28.0.jar;C:\Users\paulo\.m2\repository\io\opentelemetry\opentelemetry-semconv\1.28.0-alpha\opentelemetry-semconv-1.28.0-alpha.jar;C:\Users\paulo\.m2\repository\net\bytebuddy\byte-buddy\1.14.5\byte-buddy-1.14.5.jar;C:\Users\paulo\.m2\repository\org\seleniumhq\selenium\selenium-os\4.16.0\selenium-os-4.16.0.jar;C:\Users\paulo\.m2\repository\org\apache\commons\commons-exec\1.3\commons-exec-1.3.jar;C:\Users\paulo\.m2\repository\org\seleniumhq\selenium\selenium-safari-driver\4.16.0\selenium-safari-driver-4.16.0.jar;C:\Users\paulo\.m2\repository\org\seleniumhq\selenium\selenium-support\4.16.0\selenium-support-4.16.0.jar;C:\Users\paulo\.m2\repository\junit\junit\4.13.2\junit-4.13.2.jar;C:\Users\paulo\.m2\repository\org\hamcrest\hamcrest-core\1.3\hamcrest-core-1.3.jar;C:\Users\paulo\.m2\repository\io\cucumber\cucumber-java\7.2.3\cucumber-java-7.2.3.jar;C:\Users\paulo\.m2\repository\io\cucumber\cucumber-core\7.2.3\cucumber-core-7.2.3.jar;C:\Users\paulo\.m2\repository\io\cucumber\cucumber-gherkin\7.2.3\cucumber-gherkin-7.2.3.jar;C:\Users\paulo\.m2\repository\io\cucumber\cucumber-gherkin-messages\7.2.3\cucumber-gherkin-messages-7.2.3.jar;C:\Users\paulo\.m2\repository\io\cucumber\messages\17.1.1\messages-17.1.1.jar;C:\Users\paulo\.m2\repository\io\cucumber\tag-expressions\4.1.0\tag-expressions-4.1.0.jar;C:\Users\paulo\.m2\repository\io\cucumber\cucumber-expressions\15.0.1\cucumber-expressions-15.0.1.jar;C:\Users\paulo\.m2\repository\io\cucumber\datatable\7.2.3\datatable-7.2.3.jar;C:\Users\paulo\.m2\repository\io\cucumber\cucumber-plugin\7.2.3\cucumber-plugin-7.2.3.jar;C:\Users\paulo\.m2\repository\io\cucumber\docstring\7.2.3\docstring-7.2.3.jar;C:\Users\paulo\.m2\repository\io\cucumber\html-formatter\17.0.0\html-formatter-17.0.0.jar;C:\Users\paulo\.m2\repository\io\cucumber\ci-environment\8.1.0\ci-environment-8.1.0.jar;C:\Users\paulo\.m2\repository\org\apiguardian\apiguardian-api\1.1.2\apiguardian-api-1.1.2.jar;C:\Users\paulo\.m2\repository\io\cucumber\cucumber-junit\7.2.3\cucumber-junit-7.2.3.jar;C:\Users\paulo\.m2\repository\org\projectlombok\lombok\1.18.30\lombok-1.18.30.jar;C:\Users\paulo\.m2\repository\com\google\code\gson\gson\2.10.1\gson-2.10.1.jar;C:\Users\paulo\.m2\repository\io\qameta\allure\allure-cucumber7-jvm\2.17.2\allure-cucumber7-jvm-2.17.2.jar;C:\Users\paulo\.m2\repository\io\qameta\allure\allure-java-commons\2.17.2\allure-java-commons-2.17.2.jar;C:\Users\paulo\.m2\repository\io\qameta\allure\allure-model\2.17.2\allure-model-2.17.2.jar;C:\Users\paulo\.m2\repository\io\cucumber\gherkin\22.0.0\gherkin-22.0.0.jar;C:\Users\paulo\.m2\repository\io\qameta\allure\allure-junit4\2.17.2\allure-junit4-2.17.2.jar;C:\Users\paulo\.m2\repository\org\aspectj\aspectjweaver\1.9.20.1\aspectjweaver-1.9.20.1.jar;C:\Users\paulo\.m2\repository\io\github\bonigarcia\webdrivermanager\5.8.0\webdrivermanager-5.8.0.jar;C:\Users\paulo\.m2\repository\org\slf4j\slf4j-api\2.0.12\slf4j-api-2.0.12.jar;C:\Users\paulo\.m2\repository\com\github\docker-java\docker-java\3.3.6\docker-java-3.3.6.jar;C:\Users\paulo\.m2\repository\com\github\docker-java\docker-java-core\3.3.6\docker-java-core-3.3.6.jar;C:\Users\paulo\.m2\repository\com\github\docker-java\docker-java-api\3.3.6\docker-java-api-3.3.6.jar;C:\Users\paulo\.m2\repository\com\fasterxml\jackson\core\jackson-annotations\2.10.3\jackson-annotations-2.10.3.jar;C:\Users\paulo\.m2\repository\com\fasterxml\jackson\core\jackson-databind\2.10.3\jackson-databind-2.10.3.jar;C:\Users\paulo\.m2\repository\com\fasterxml\jackson\core\jackson-core\2.10.3\jackson-core-2.10.3.jar;C:\Users\paulo\.m2\repository\org\bouncycastle\bcpkix-jdk18on\1.76\bcpkix-jdk18on-1.76.jar;C:\Users\paulo\.m2\repository\org\bouncycastle\bcprov-jdk18on\1.76\bcprov-jdk18on-1.76.jar;C:\Users\paulo\.m2\repository\org\bouncycastle\bcutil-jdk18on\1.76\bcutil-jdk18on-1.76.jar;C:\Users\paulo\.m2\repository\org\slf4j\jcl-over-slf4j\1.7.30\jcl-over-slf4j-1.7.30.jar;C:\Users\paulo\.m2\repository\com\github\docker-java\docker-java-transport-httpclient5\3.3.6\docker-java-transport-httpclient5-3.3.6.jar;C:\Users\paulo\.m2\repository\com\github\docker-java\docker-java-transport\3.3.6\docker-java-transport-3.3.6.jar;C:\Users\paulo\.m2\repository\net\java\dev\jna\jna\5.13.0\jna-5.13.0.jar;C:\Users\paulo\.m2\repository\org\brotli\dec\0.1.2\dec-0.1.2.jar;C:\Users\paulo\.m2\repository\org\apache\commons\commons-lang3\3.14.0\commons-lang3-3.14.0.jar;C:\Users\paulo\.m2\repository\org\apache\commons\commons-compress\1.26.1\commons-compress-1.26.1.jar;C:\Users\paulo\.m2\repository\commons-codec\commons-codec\1.16.1\commons-codec-1.16.1.jar;C:\Users\paulo\.m2\repository\commons-io\commons-io\2.15.1\commons-io-2.15.1.jar;C:\Users\paulo\.m2\repository\org\apache\httpcomponents\client5\httpclient5\5.2.1\httpclient5-5.2.1.jar;C:\Users\paulo\.m2\repository\org\apache\httpcomponents\core5\httpcore5\5.2\httpcore5-5.2.jar;C:\Users\paulo\.m2\repository\org\apache\httpcomponents\core5\httpcore5-h2\5.2\httpcore5-h2-5.2.jar;"/>
    <property name="sun.cpu.endian" value="little"/>
    <property name="user.home" value="C:\Users\paulo"/>
    <property name="user.language" value="pt"/>
    <property name="java.specification.vendor" value="Oracle Corporation"/>
    <property name="java.version.date" value="2024-01-16"/>
    <property name="java.home" value="C:\Program Files\Java\jdk-17"/>
    <property name="file.separator" value="\"/>
    <property name="basedir" value="C:\Users\paulo\OneDrive\Automation\ProvaBaseDois\prova"/>
    <property name="java.vm.compressedOopsMode" value="Zero based"/>
    <property name="line.separator" value="&#10;"/>
    <property name="java.vm.specification.vendor" value="Oracle Corporation"/>
    <property name="java.specification.name" value="Java Platform API Specification"/>
    <property name="surefire.real.class.path" value="C:\Users\paulo\AppData\Local\Temp\surefire10369036888996863928\surefirebooter-20240712122208325_3.jar"/>
    <property name="user.script" value=""/>
    <property name="sun.management.compiler" value="HotSpot 64-Bit Tiered Compilers"/>
    <property name="java.runtime.version" value="17.0.10+11-LTS-240"/>
    <property name="user.name" value="paulo"/>
    <property name="path.separator" value=";"/>
    <property name="os.version" value="10.0"/>
    <property name="java.runtime.name" value="Java(TM) SE Runtime Environment"/>
    <property name="file.encoding" value="Cp1252"/>
    <property name="java.vm.name" value="Java HotSpot(TM) 64-Bit Server VM"/>
    <property name="localRepository" value="C:\Users\paulo\.m2\repository"/>
    <property name="java.vendor.url.bug" value="https://bugreport.java.com/bugreport/"/>
    <property name="java.io.tmpdir" value="C:\Users\paulo\AppData\Local\Temp\"/>
    <property name="java.version" value="17.0.10"/>
    <property name="user.dir" value="C:\Users\paulo\OneDrive\Automation\ProvaBaseDois\prova"/>
    <property name="os.arch" value="amd64"/>
    <property name="java.vm.specification.name" value="Java Virtual Machine Specification"/>
    <property name="sun.os.patch.level" value=""/>
    <property name="native.encoding" value="Cp1252"/>
    <property name="java.library.path" value="C:\Program Files\Java\jdk-17\bin;C:\Windows\Sun\Java\bin;C:\Windows\system32;C:\Windows;C:\Program Files\Common Files\Oracle\Java\javapath;C:\Windows\system32;C:\Windows;C:\Windows\System32\Wbem;C:\Windows\System32\WindowsPowerShell\v1.0\;C:\Windows\System32\OpenSSH\;C:\Program Files (x86)\NVIDIA Corporation\PhysX\Common;C:\Program Files\NVIDIA Corporation\NVIDIA NvDLISR;C:\Program Files\Git\cmd;C:\Program Files\nodejs\;C:\Program Files\dotnet\;C:\Program Files\MySQL\MySQL Server 8.0\bin;C:\Users\paulo\scoop\shims;C:\Users\paulo\AppData\Local\Microsoft\WindowsApps;C:\Users\paulo\AppData\Local\Programs\Microsoft VS Code\bin;C:\Users\paulo\AppData\Roaming\npm;C:\Users\paulo\AppData\Local\GitHubDesktop\bin;C:\Program Files\MySQL\MySQL Server 8.0\bin;C:\apache-maven-3.9.8\bin;;."/>
    <property name="java.vm.info" value="mixed mode, sharing"/>
    <property name="java.vendor" value="Oracle Corporation"/>
    <property name="java.vm.version" value="17.0.10+11-LTS-240"/>
    <property name="sun.io.unicode.encoding" value="UnicodeLittle"/>
    <property name="java.class.version" value="61.0"/>
  </properties>
  <testcase name="Criar tarefa" classname="CriarTarefa" time="25.456">
    <system-out><![CDATA[
Scenario: Criar tarefa                            &amp#27;[90m# src/test/resources/features/CriarTarefa.feature:3&amp#27;[0m
  &amp#27;[32mGiven &amp#27;[0m&amp#27;[32mque estou na tela principal&amp#27;[0m               &amp#27;[90m# stepDefinitions.CriarTarefaStep.que_estou_na_tela_principal()&amp#27;[0m
  &amp#27;[32mWhen &amp#27;[0m&amp#27;[32mclicar em Criar Tarefa&amp#27;[0m                     &amp#27;[90m# stepDefinitions.CriarTarefaStep.clicar_em_criar_tarefa()&amp#27;[0m
  &amp#27;[32mAnd &amp#27;[0m&amp#27;[32mpreencher todos os campos&amp#27;[0m                   &amp#27;[90m# stepDefinitions.CriarTarefaStep.preencher_todos_os_campos()&amp#27;[0m
  &amp#27;[32mThen &amp#27;[0m&amp#27;[32ma tarefa sera salva na tela de Ver Tarefas&amp#27;[0m &amp#27;[90m# stepDefinitions.CriarTarefaStep.a_tarefa_sera_salva_na_tela_de_ver_tarefas()&amp#27;[0m
]]></system-out>
    <system-err><![CDATA[SLF4J(W): No SLF4J providers were found.
SLF4J(W): Defaulting to no-operation (NOP) logger implementation
SLF4J(W): See https://www.slf4j.org/codes.html#noProviders for further details.
jul. 12, 2024 12:22:12 PM org.openqa.selenium.devtools.CdpVersionFinder findNearestMatch
WARNING: Unable to find CDP implementation matching 126
jul. 12, 2024 12:22:12 PM org.openqa.selenium.chromium.ChromiumDriver lambda$new$5
WARNING: Unable to find version of CDP to use for 126.0.6478.127. You may need to include a dependency on a specific version of the CDP using something similar to `org.seleniumhq.selenium:selenium-devtools-v86:4.16.0` where the version ("v86") matches the version of the chromium-based browser you're using and the version number of the artifact is the same as Selenium's.
]]></system-err>
  </testcase>
  <testcase name="Adicionar Comentário na tarefa" classname="EditarTarefa" time="34.512">
    <failure message="Elemento nÃ£o encontrado dentro do tempo esperado: By.xpath: //td[@class=&apos;bugnote-note bugnote-public&apos; and contains(.,&apos;Bug acontece todo santo dia&apos;)], erro: org.openqa.selenium.TimeoutException: Expected condition failed: waiting for visibility of element located by By.xpath: //td[@class=&apos;bugnote-note bugnote-public&apos; and contains(.,&apos;Bug acontece todo santo dia&apos;)] (tried for 10 second(s) with 500 milliseconds interval)&#10;Build info: version: &apos;4.16.0&apos;, revision: &apos;15400459dd*&apos;&#10;System info: os.name: &apos;Windows 11&apos;, os.arch: &apos;amd64&apos;, os.version: &apos;10.0&apos;, java.version: &apos;17.0.10&apos;&#10;Driver info: org.openqa.selenium.chrome.ChromeDriver&#10;Capabilities {acceptInsecureCerts: false, browserName: chrome, browserVersion: 126.0.6478.127, chrome: {chromedriverVersion: 126.0.6478.126 (d36ace6122e..., userDataDir: C:\Users\paulo\AppData\Loca...}, fedcm:accounts: true, goog:chromeOptions: {debuggerAddress: localhost:55217}, networkConnectionEnabled: false, pageLoadStrategy: normal, platformName: windows, proxy: Proxy(), se:cdp: ws://localhost:55217/devtoo..., se:cdpVersion: 126.0.6478.127, setWindowRect: true, strictFileInteractability: false, timeouts: {implicit: 0, pageLoad: 300000, script: 30000}, unhandledPromptBehavior: dismiss and notify, webauthn:extension:credBlob: true, webauthn:extension:largeBlob: true, webauthn:extension:minPinLength: true, webauthn:extension:prf: true, webauthn:virtualAuthenticators: true}&#10;Session ID: 21c17cca349b5d0f7ecd4520df937af2" type="java.lang.AssertionError"><![CDATA[java.lang.AssertionError: 
Elemento nÃ£o encontrado dentro do tempo esperado: By.xpath: //td[@class='bugnote-note bugnote-public' and contains(.,'Bug acontece todo santo dia')], erro: org.openqa.selenium.TimeoutException: Expected condition failed: waiting for visibility of element located by By.xpath: //td[@class='bugnote-note bugnote-public' and contains(.,'Bug acontece todo santo dia')] (tried for 10 second(s) with 500 milliseconds interval)
Build info: version: '4.16.0', revision: '15400459dd*'
System info: os.name: 'Windows 11', os.arch: 'amd64', os.version: '10.0', java.version: '17.0.10'
Driver info: org.openqa.selenium.chrome.ChromeDriver
Capabilities {acceptInsecureCerts: false, browserName: chrome, browserVersion: 126.0.6478.127, chrome: {chromedriverVersion: 126.0.6478.126 (d36ace6122e..., userDataDir: C:\Users\paulo\AppData\Loca...}, fedcm:accounts: true, goog:chromeOptions: {debuggerAddress: localhost:55217}, networkConnectionEnabled: false, pageLoadStrategy: normal, platformName: windows, proxy: Proxy(), se:cdp: ws://localhost:55217/devtoo..., se:cdpVersion: 126.0.6478.127, setWindowRect: true, strictFileInteractability: false, timeouts: {implicit: 0, pageLoad: 300000, script: 30000}, unhandledPromptBehavior: dismiss and notify, webauthn:extension:credBlob: true, webauthn:extension:largeBlob: true, webauthn:extension:minPinLength: true, webauthn:extension:prf: true, webauthn:virtualAuthenticators: true}
Session ID: 21c17cca349b5d0f7ecd4520df937af2
	at org.junit.Assert.fail(Assert.java:89)
	at com.base2.utils.SeleniumUtils.esperarElementoVisivel(SeleniumUtils.java:30)
	at com.base2.page.VerTarefaPage.verificarComentarioExiste(VerTarefaPage.java:57)
	at stepDefinitions.EditarTarefaSteps.a_tarefa_salva_a_anotacao(EditarTarefaSteps.java:69)
	at ✽.a tarefa salva a anotacao "Bug acontece todo santo dia"(file:///C:/Users/paulo/OneDrive/Automation/ProvaBaseDois/prova/src/test/resources/features/EditarTarefa.feature:9)
]]></failure>
    <system-out><![CDATA[
Scenario Outline: Adicionar ComentÃ¡rio na tarefa               &amp#27;[90m# src/test/resources/features/EditarTarefa.feature:13&amp#27;[0m
  &amp#27;[32mGiven &amp#27;[0m&amp#27;[32mque estou na tela de Ver Tarefa&amp#27;[0m                        &amp#27;[90m# stepDefinitions.EditarTarefaSteps.que_estou_na_tela_de_ver_tarefa()&amp#27;[0m
  &amp#27;[32mWhen &amp#27;[0m&amp#27;[32mclicar no codigo da Tarefa&amp#27;[0m                              &amp#27;[90m# stepDefinitions.EditarTarefaSteps.clicar_no_codigo_da_tarefa()&amp#27;[0m
  &amp#27;[32mAnd &amp#27;[0m&amp#27;[32mpreencho uma anotacao &amp#27;[0m&amp#27;[32m&amp#27;[1m"Bug acontece todo santo dia"&amp#27;[0m      &amp#27;[90m# stepDefinitions.EditarTarefaSteps.preencho_uma_anotacao(java.lang.String)&amp#27;[0m
  &amp#27;[32mAnd &amp#27;[0m&amp#27;[32madiciono um arquivo&amp#27;[0m                                      &amp#27;[90m# stepDefinitions.EditarTarefaSteps.adiciono_um_arquivo()&amp#27;[0m
  &amp#27;[32mAnd &amp#27;[0m&amp#27;[32mclico no botao de Adicionar Anotacao&amp#27;[0m                     &amp#27;[90m# stepDefinitions.EditarTarefaSteps.clico_no_botao_de_adicionar_anotacao()&amp#27;[0m
  &amp#27;[31mThen &amp#27;[0m&amp#27;[31ma tarefa salva a anotacao &amp#27;[0m&amp#27;[31m&amp#27;[1m"Bug acontece todo santo dia"&amp#27;[0m &amp#27;[90m# stepDefinitions.EditarTarefaSteps.a_tarefa_salva_a_anotacao(java.lang.String)&amp#27;[0m
      &amp#27;[31mjava.lang.AssertionError: Elemento nÃƒÂ£o encontrado dentro do tempo esperado: By.xpath: //td[@class='bugnote-note bugnote-public' and contains(.,'Bug acontece todo santo dia')], erro: org.openqa.selenium.TimeoutException: Expected condition failed: waiting for visibility of element located by By.xpath: //td[@class='bugnote-note bugnote-public' and contains(.,'Bug acontece todo santo dia')] (tried for 10 second(s) with 500 milliseconds interval)
Build info: version: '4.16.0', revision: '15400459dd*'
System info: os.name: 'Windows 11', os.arch: 'amd64', os.version: '10.0', java.version: '17.0.10'
Driver info: org.openqa.selenium.chrome.ChromeDriver
Capabilities {acceptInsecureCerts: false, browserName: chrome, browserVersion: 126.0.6478.127, chrome: {chromedriverVersion: 126.0.6478.126 (d36ace6122e..., userDataDir: C:\Users\paulo\AppData\Loca...}, fedcm:accounts: true, goog:chromeOptions: {debuggerAddress: localhost:55217}, networkConnectionEnabled: false, pageLoadStrategy: normal, platformName: windows, proxy: Proxy(), se:cdp: ws://localhost:55217/devtoo..., se:cdpVersion: 126.0.6478.127, setWindowRect: true, strictFileInteractability: false, timeouts: {implicit: 0, pageLoad: 300000, script: 30000}, unhandledPromptBehavior: dismiss and notify, webauthn:extension:credBlob: true, webauthn:extension:largeBlob: true, webauthn:extension:minPinLength: true, webauthn:extension:prf: true, webauthn:virtualAuthenticators: true}
Session ID: 21c17cca349b5d0f7ecd4520df937af2
	at org.junit.Assert.fail(Assert.java:89)
	at com.base2.utils.SeleniumUtils.esperarElementoVisivel(SeleniumUtils.java:30)
	at com.base2.page.VerTarefaPage.verificarComentarioExiste(VerTarefaPage.java:57)
	at stepDefinitions.EditarTarefaSteps.a_tarefa_salva_a_anotacao(EditarTarefaSteps.java:69)
	at âœ½.a tarefa salva a anotacao "Bug acontece todo santo dia"(file:///C:/Users/paulo/OneDrive/Automation/ProvaBaseDois/prova/src/test/resources/features/EditarTarefa.feature:9)
&amp#27;[0m
]]></system-out>
    <system-err><![CDATA[jul. 12, 2024 12:22:36 PM org.openqa.selenium.devtools.CdpVersionFinder findNearestMatch
WARNING: Unable to find CDP implementation matching 126
jul. 12, 2024 12:22:36 PM org.openqa.selenium.chromium.ChromiumDriver lambda$new$5
WARNING: Unable to find version of CDP to use for 126.0.6478.127. You may need to include a dependency on a specific version of the CDP using something similar to `org.seleniumhq.selenium:selenium-devtools-v86:4.16.0` where the version ("v86") matches the version of the chromium-based browser you're using and the version number of the artifact is the same as Selenium's.
]]></system-err>
  </testcase>
</testsuite>